<?xml version="1.0" encoding="UTF-8"?>
<!-- Generated by org.testng.reporters.JUnitReportReporter -->
<testsuite hostname="EC2AMAZ-EHR6SVV" failures="0" tests="7" name="com.spree.test.Countries" time="6.910" errors="0" timestamp="2024-12-26T12:13:53 IST" skipped="0">
  <testcase classname="com.spree.test.Countries" name="T01_getDefaultCountries" time="2.614"/>
  <testcase classname="com.spree.test.Countries" name="T02_retrieveaCountry" time="1.004"/>
  <testcase classname="com.spree.test.Countries" name="T02_retrieveaCountry" time="0.508"/>
  <testcase classname="com.spree.test.Countries" name="T02_retrieveaCountry" time="0.475"/>
  <testcase classname="com.spree.test.Countries" name="T02_retrieveaCountry" time="0.425"/>
  <testcase classname="com.spree.test.Countries" name="T02_retrieveaCountry" time="0.432"/>
  <testcase classname="com.spree.test.Countries" name="T03_listallCountries" time="1.452"/>
</testsuite> <!-- com.spree.test.Countries -->
